-------------------------------------------------------------------------------
Test set: TestSuite
-------------------------------------------------------------------------------
Tests run: 2, Failures: 2, Errors: 0, Skipped: 0, Time elapsed: 8.209 s <<< FAILURE! - in TestSuite
ai.iamneo.testing.Testing_Selenium_TestNg.AppTest.testcase_1  Time elapsed: 4.292 s  <<< FAILURE!
org.openqa.selenium.WebDriverException: 
unknown error: session deleted because of page crash
from unknown error: cannot determine loading status
from tab crashed
  (Session info: chrome=114.0.5735.133)
Build info: version: '4.1.0', revision: '87802e897b'
System info: host: 'caacbebdfdbdaefddfddddfcbefbaaebdcffff-0', ip: '10.80.0.23', os.name: 'Linux', os.arch: 'amd64', os.version: '5.15.89+', java.version: '11.0.18'
Driver info: org.openqa.selenium.remote.RemoteWebDriver
Command: [c2e3e55e95736b2bdbe016d76a28810f, get {url=https://flipkart.com}]
Capabilities {acceptInsecureCerts: false, browserName: chrome, browserVersion: 114.0.5735.133, chrome: {chromedriverVersion: 114.0.5735.90 (386bc09e8f4f..., userDataDir: /tmp/.com.google.Chrome.7VmD3d}, goog:chromeOptions: {debuggerAddress: localhost:43251}, javascriptEnabled: true, networkConnectionEnabled: false, pageLoadStrategy: normal, platform: LINUX, platformName: LINUX, proxy: Proxy(), se:bidiEnabled: false, se:cdp: ws://10.80.0.23:4444/sessio..., se:cdpVersion: 114.0.5735.133, se:vnc: ws://10.80.0.23:4444/sessio..., se:vncEnabled: true, se:vncLocalAddress: ws://10.80.0.23:7900, setWindowRect: true, strictFileInteractability: false, timeouts: {implicit: 0, pageLoad: 300000, script: 30000}, unhandledPromptBehavior: dismiss and notify, webauthn:extension:credBlob: true, webauthn:extension:largeBlob: true, webauthn:extension:minPinLength: true, webauthn:extension:prf: true, webauthn:virtualAuthenticators: true}
Session ID: c2e3e55e95736b2bdbe016d76a28810f
	at ai.iamneo.testing.Testing_Selenium_TestNg.AppTest.testcase_1(AppTest.java:31)

ai.iamneo.testing.Testing_Selenium_TestNg.AppTest.testcase_2  Time elapsed: 0.019 s  <<< FAILURE!
org.openqa.selenium.NoSuchSessionException: 
invalid session id
Build info: version: '4.1.0', revision: '87802e897b'
System info: host: 'caacbebdfdbdaefddfddddfcbefbaaebdcffff-0', ip: '10.80.0.23', os.name: 'Linux', os.arch: 'amd64', os.version: '5.15.89+', java.version: '11.0.18'
Driver info: org.openqa.selenium.remote.RemoteWebDriver
Command: [c2e3e55e95736b2bdbe016d76a28810f, findElements {using=tag name, value=a}]
Capabilities {acceptInsecureCerts: false, browserName: chrome, browserVersion: 114.0.5735.133, chrome: {chromedriverVersion: 114.0.5735.90 (386bc09e8f4f..., userDataDir: /tmp/.com.google.Chrome.7VmD3d}, goog:chromeOptions: {debuggerAddress: localhost:43251}, javascriptEnabled: true, networkConnectionEnabled: false, pageLoadStrategy: normal, platform: LINUX, platformName: LINUX, proxy: Proxy(), se:bidiEnabled: false, se:cdp: ws://10.80.0.23:4444/sessio..., se:cdpVersion: 114.0.5735.133, se:vnc: ws://10.80.0.23:4444/sessio..., se:vncEnabled: true, se:vncLocalAddress: ws://10.80.0.23:7900, setWindowRect: true, strictFileInteractability: false, timeouts: {implicit: 0, pageLoad: 300000, script: 30000}, unhandledPromptBehavior: dismiss and notify, webauthn:extension:credBlob: true, webauthn:extension:largeBlob: true, webauthn:extension:minPinLength: true, webauthn:extension:prf: true, webauthn:virtualAuthenticators: true}
Session ID: c2e3e55e95736b2bdbe016d76a28810f
	at ai.iamneo.testing.Testing_Selenium_TestNg.AppTest.testcase_2(AppTest.java:38)

